<?xml version="1.0" encoding="UTF-8"?>
<!-- Generated by org.testng.reporters.JUnitXMLReporter -->
<testsuite ignored="0" hostname="DESKTOP-7SNL7GR" failures="1" tests="3" name="Test" time="39.588" errors="0" timestamp="2022-07-28T16:21:04 IST">
  <testcase classname="testng.TestCase2" name="tc2" time="2.175"/>
  <testcase classname="testng.TestCase1" name="tc1" time="8.009">
    <failure type="java.lang.AssertionError" message="The following asserts failed:
	expected [jsdjsnjn] but found [Facebook – log in or sign up]">
      <![CDATA[java.lang.AssertionError: The following asserts failed:
expected [jsdjsnjn] but found [Facebook – log in or sign up]
at testng.TestCase1.tc1(TestCase1.java:43)
at java.base/java.util.ArrayList.forEach(ArrayList.java:1511)
... Removed 29 stack frames]]>
    </failure>
  </testcase> <!-- tc1 -->
  <testcase classname="testng.TestCase3" name="tc3" time="4.971"/>
</testsuite> <!-- Test -->
