<?xml version="1.0" encoding="UTF-8"?>
<!-- Generated by org.testng.reporters.JUnitXMLReporter -->
<testsuite ignored="0" hostname="DESKTOP-7SNL7GR" failures="1" tests="1" name="Test(failed)" time="13.784" errors="0" timestamp="2022-07-28T16:26:54 IST">
  <testcase classname="testng.TestCase1" name="tc1" time="6.027">
    <failure type="java.lang.AssertionError" message="The following asserts failed:
	expected [Facebook – log in or sign up] but found []">
      <![CDATA[java.lang.AssertionError: The following asserts failed:
expected [Facebook – log in or sign up] but found []
at testng.TestCase1.tc1(TestCase1.java:43)
at java.base/java.util.ArrayList.forEach(ArrayList.java:1511)
... Removed 29 stack frames]]>
    </failure>
  </testcase> <!-- tc1 -->
</testsuite> <!-- Test(failed) -->
